<?xml version="1.0" encoding="UTF-8"?>
<testng-results ignored="0" total="1" passed="1" failed="0" skipped="0">
  <reporter-output>
  </reporter-output>
  <suite started-at="2023-06-16T14:31:59 IST" name="Default suite" finished-at="2023-06-16T14:32:00 IST" duration-ms="934">
    <groups>
    </groups>
    <test started-at="2023-06-16T14:31:59 IST" name="Default test" finished-at="2023-06-16T14:32:00 IST" duration-ms="934">
      <class name="com.rest.testcases.ComplexJsonParseWithTestng2">
        <test-method signature="practice()[pri:0, instance:com.rest.testcases.ComplexJsonParseWithTestng2@759d26fb]" started-at="2023-06-16T14:31:59 IST" name="practice" finished-at="2023-06-16T14:32:00 IST" duration-ms="906" status="PASS">
          <reporter-output>
          </reporter-output>
        </test-method> <!-- practice -->
      </class> <!-- com.rest.testcases.ComplexJsonParseWithTestng2 -->
    </test> <!-- Default test -->
  </suite> <!-- Default suite -->
</testng-results>
